TN:
SF:F:\Denise\curso full stack web\teste brq\test-calendar\src\polyfills.ts
FNF:0
FNH:0
LF:0
LH:0
BRF:0
BRH:0
end_of_record
TN:
SF:F:\Denise\curso full stack web\teste brq\test-calendar\src\test.ts
FNF:0
FNH:0
DA:18,1
DA:23,1
DA:25,1
LF:3
LH:3
BRF:0
BRH:0
end_of_record
TN:
SF:F:\Denise\curso full stack web\teste brq\test-calendar\src\app\app.component.ts
FN:25,(anonymous_0)
FN:31,(anonymous_1)
FN:36,(anonymous_2)
FN:40,(anonymous_3)
FN:44,(anonymous_4)
FN:48,(anonymous_5)
FNF:6
FNH:6
FNDA:3,(anonymous_0)
FNDA:3,(anonymous_1)
FNDA:3,(anonymous_2)
FNDA:3,(anonymous_3)
FNDA:1,(anonymous_4)
FNDA:1,(anonymous_5)
DA:16,1
DA:17,3
DA:19,3
DA:26,3
DA:27,3
DA:28,3
DA:30,3
DA:31,3
DA:32,3
DA:37,3
DA:41,3
DA:45,1
DA:49,1
LF:13
LH:13
BRF:0
BRH:0
end_of_record
TN:
SF:F:\Denise\curso full stack web\teste brq\test-calendar\src\app\components\calendar\calendar.component.ts
FN:21,(anonymous_0)
FN:46,(anonymous_1)
FN:48,(anonymous_2)
FN:67,(anonymous_3)
FN:84,(anonymous_4)
FN:134,(anonymous_5)
FN:143,(anonymous_6)
FN:154,(anonymous_7)
FN:156,(anonymous_8)
FN:159,(anonymous_9)
FN:168,(anonymous_10)
FNF:11
FNH:10
FNDA:9,(anonymous_0)
FNDA:9,(anonymous_1)
FNDA:9,(anonymous_2)
FNDA:9,(anonymous_3)
FNDA:13,(anonymous_4)
FNDA:9,(anonymous_5)
FNDA:1,(anonymous_6)
FNDA:456,(anonymous_7)
FNDA:0,(anonymous_8)
FNDA:2,(anonymous_9)
FNDA:630,(anonymous_10)
DA:19,1
DA:22,9
DA:23,9
DA:24,9
DA:28,9
DA:30,9
DA:32,9
DA:34,9
DA:36,9
DA:43,9
DA:48,9
DA:49,9
DA:50,5
DA:55,4
DA:60,4
DA:67,9
DA:68,9
DA:69,9
DA:70,9
DA:75,9
DA:76,9
DA:85,13
DA:86,13
DA:88,13
DA:90,13
DA:91,13
DA:92,13
DA:94,13
DA:95,7
DA:96,7
DA:97,24
DA:98,24
DA:108,13
DA:109,396
DA:110,396
DA:119,13
DA:120,9
DA:121,9
DA:122,35
DA:123,35
DA:135,9
DA:144,1
DA:145,1
DA:151,1
DA:155,456
DA:156,456
DA:160,2
DA:161,2
DA:162,2
DA:163,2
DA:164,2
DA:165,2
DA:169,630
LF:53
LH:53
BRDA:49,0,0,5
BRDA:49,0,1,4
BRDA:94,1,0,7
BRDA:94,1,1,6
BRDA:95,2,0,1
BRDA:95,2,1,6
BRDA:95,3,0,1
BRDA:95,3,1,6
BRDA:97,4,0,3
BRDA:97,4,1,21
BRDA:97,5,0,3
BRDA:97,5,1,21
BRDA:119,6,0,9
BRDA:119,6,1,4
BRDA:122,7,0,2
BRDA:122,7,1,33
BRDA:122,8,0,2
BRDA:122,8,1,33
BRDA:156,9,0,0
BRDA:156,9,1,456
BRDA:165,10,0,1
BRDA:165,10,1,1
BRF:22
BRH:21
end_of_record
TN:
SF:F:\Denise\curso full stack web\teste brq\test-calendar\src\app\components\new-edit-reminder\new-edit-reminder.component.ts
FN:23,(anonymous_0)
FN:54,(anonymous_1)
FN:58,(anonymous_2)
FN:83,(anonymous_3)
FN:98,(anonymous_4)
FN:101,(anonymous_5)
FN:106,(anonymous_6)
FN:125,(anonymous_7)
FN:132,(anonymous_8)
FN:138,(anonymous_9)
FN:141,(anonymous_10)
FN:163,(anonymous_11)
FNF:12
FNH:12
FNDA:13,(anonymous_0)
FNDA:13,(anonymous_1)
FNDA:13,(anonymous_2)
FNDA:15,(anonymous_3)
FNDA:2,(anonymous_4)
FNDA:1,(anonymous_5)
FNDA:3,(anonymous_6)
FNDA:2,(anonymous_7)
FNDA:2,(anonymous_8)
FNDA:2,(anonymous_9)
FNDA:2,(anonymous_10)
FNDA:1,(anonymous_11)
DA:21,1
DA:24,13
DA:25,13
DA:26,13
DA:27,13
DA:28,13
DA:29,13
DA:30,13
DA:44,13
DA:52,13
DA:56,13
DA:58,13
DA:59,13
DA:60,13
DA:61,13
DA:62,13
DA:63,13
DA:64,13
DA:67,0
DA:71,13
DA:73,13
DA:74,0
DA:75,0
DA:79,13
DA:84,15
DA:93,15
DA:94,2
DA:99,2
DA:100,1
DA:101,1
DA:102,1
DA:107,3
DA:108,1
DA:110,2
DA:111,2
DA:113,2
DA:114,1
DA:120,1
DA:121,1
DA:123,2
DA:125,2
DA:126,2
DA:127,2
DA:128,2
DA:133,2
DA:134,2
DA:135,2
DA:140,2
DA:141,2
DA:142,2
DA:144,2
DA:145,2
DA:146,2
DA:147,2
DA:148,2
DA:149,2
DA:150,2
DA:151,2
DA:152,1
DA:153,1
DA:154,1
DA:157,1
DA:159,2
DA:160,2
DA:164,1
LF:65
LH:62
BRDA:60,0,0,13
BRDA:60,0,1,0
BRDA:62,1,0,13
BRDA:62,1,1,0
BRDA:73,2,0,0
BRDA:73,2,1,13
BRDA:85,3,0,14
BRDA:85,3,1,1
BRDA:86,4,0,2
BRDA:86,4,1,13
BRDA:87,5,0,2
BRDA:87,5,1,13
BRDA:89,6,0,2
BRDA:89,6,1,13
BRDA:90,7,0,2
BRDA:90,7,1,13
BRDA:91,8,0,2
BRDA:91,8,1,13
BRDA:93,9,0,2
BRDA:93,9,1,13
BRDA:99,10,0,1
BRDA:99,10,1,1
BRDA:107,11,0,1
BRDA:107,11,1,2
BRDA:107,12,0,3
BRDA:107,12,1,1
BRDA:113,13,0,1
BRDA:113,13,1,1
BRDA:127,14,0,2
BRDA:127,14,1,0
BRDA:146,15,0,1
BRDA:146,15,1,1
BRDA:148,16,0,1
BRDA:148,16,1,1
BRDA:149,17,0,1
BRDA:149,17,1,1
BRDA:151,18,0,1
BRDA:151,18,1,1
BRDA:153,19,0,1
BRDA:153,19,1,0
BRF:40
BRH:35
end_of_record
TN:
SF:F:\Denise\curso full stack web\teste brq\test-calendar\src\app\components\reminders\reminders.component.ts
FN:23,(anonymous_0)
FN:44,(anonymous_1)
FN:61,(anonymous_2)
FN:71,(anonymous_3)
FN:72,(anonymous_4)
FN:77,(anonymous_5)
FN:81,(anonymous_6)
FN:87,(anonymous_7)
FN:91,(anonymous_8)
FN:96,(anonymous_9)
FN:109,(anonymous_10)
FN:112,(anonymous_11)
FN:121,(anonymous_12)
FNF:13
FNH:9
FNDA:6,(anonymous_0)
FNDA:6,(anonymous_1)
FNDA:6,(anonymous_2)
FNDA:1,(anonymous_3)
FNDA:1,(anonymous_4)
FNDA:0,(anonymous_5)
FNDA:0,(anonymous_6)
FNDA:0,(anonymous_7)
FNDA:0,(anonymous_8)
FNDA:2,(anonymous_9)
FNDA:2,(anonymous_10)
FNDA:4,(anonymous_11)
FNDA:14,(anonymous_12)
DA:21,1
DA:24,6
DA:25,6
DA:26,6
DA:27,6
DA:28,6
DA:31,6
DA:35,6
DA:37,6
DA:45,6
DA:46,6
DA:53,6
DA:61,6
DA:62,6
DA:63,6
DA:65,6
DA:72,1
DA:73,1
DA:78,0
DA:81,0
DA:82,0
DA:88,0
DA:91,0
DA:92,0
DA:97,2
DA:98,1
DA:99,1
DA:100,1
DA:101,1
DA:102,1
DA:103,1
DA:104,1
DA:105,1
DA:110,2
DA:111,1
DA:112,1
DA:113,4
DA:114,2
DA:116,1
DA:117,1
DA:122,14
LF:41
LH:35
BRDA:97,0,0,1
BRDA:97,0,1,1
BRDA:110,1,0,1
BRDA:110,1,1,1
BRDA:113,2,0,2
BRDA:113,2,1,2
BRF:6
BRH:6
end_of_record
TN:
SF:F:\Denise\curso full stack web\teste brq\test-calendar\src\app\interfaces\Models\City.model.ts
FNF:0
FNH:0
LF:0
LH:0
BRF:0
BRH:0
end_of_record
TN:
SF:F:\Denise\curso full stack web\teste brq\test-calendar\src\app\interfaces\Models\Reminder.ts
FNF:0
FNH:0
LF:0
LH:0
BRF:0
BRH:0
end_of_record
TN:
SF:F:\Denise\curso full stack web\teste brq\test-calendar\src\app\interfaces\Models\Weather.model.ts
FNF:0
FNH:0
LF:0
LH:0
BRF:0
BRH:0
end_of_record
TN:
SF:F:\Denise\curso full stack web\teste brq\test-calendar\src\app\shared\const.ts\reminders.mock.ts
FN:5,getDateTodayPlus
FNF:1
FNH:1
FNDA:28,getDateTodayPlus
DA:6,28
DA:7,28
DA:8,28
DA:11,1
LF:4
LH:4
BRF:0
BRH:0
end_of_record
TN:
SF:F:\Denise\curso full stack web\teste brq\test-calendar\src\app\shared\dialog\dialog.component.ts
FN:12,(anonymous_0)
FN:15,(anonymous_1)
FNF:2
FNH:1
FNDA:1,(anonymous_0)
FNDA:0,(anonymous_1)
DA:10,1
DA:12,1
DA:13,1
DA:16,0
LF:4
LH:3
BRF:0
BRH:0
end_of_record
TN:
SF:F:\Denise\curso full stack web\teste brq\test-calendar\src\app\shared\dictionaries\months.ts
FNF:0
FNH:0
DA:1,1
LF:1
LH:1
BRF:0
BRH:0
end_of_record
TN:
SF:F:\Denise\curso full stack web\teste brq\test-calendar\src\app\shared\dictionaries\weekDays.ts
FNF:0
FNH:0
DA:1,1
LF:1
LH:1
BRF:0
BRH:0
end_of_record
TN:
SF:F:\Denise\curso full stack web\teste brq\test-calendar\src\app\shared\enums\months.enum.ts
FN:1,(anonymous_0)
FNF:1
FNH:1
FNDA:1,(anonymous_0)
DA:1,1
DA:2,1
DA:3,1
DA:4,1
DA:5,1
DA:6,1
DA:7,1
DA:8,1
DA:9,1
DA:10,1
DA:11,1
DA:12,1
DA:13,1
LF:13
LH:13
BRDA:1,0,0,1
BRDA:1,0,1,1
BRF:2
BRH:2
end_of_record
TN:
SF:F:\Denise\curso full stack web\teste brq\test-calendar\src\app\shared\enums\weekDays.enum.ts
FN:1,(anonymous_0)
FNF:1
FNH:1
FNDA:1,(anonymous_0)
DA:1,1
DA:2,1
DA:3,1
DA:4,1
DA:5,1
DA:6,1
DA:7,1
DA:8,1
LF:8
LH:8
BRDA:1,0,0,1
BRDA:1,0,1,1
BRF:2
BRH:2
end_of_record
TN:
SF:F:\Denise\curso full stack web\teste brq\test-calendar\src\app\shared\footer\footer.component.ts
FN:10,(anonymous_0)
FN:12,(anonymous_1)
FNF:2
FNH:2
FNDA:1,(anonymous_0)
FNDA:1,(anonymous_1)
DA:8,1
LF:1
LH:1
BRF:0
BRH:0
end_of_record
TN:
SF:F:\Denise\curso full stack web\teste brq\test-calendar\src\app\shared\services\api-geocode\api-geocode.service.ts
FN:16,(anonymous_0)
FN:18,(anonymous_1)
FN:21,(anonymous_2)
FNF:3
FNH:2
FNDA:4,(anonymous_0)
FNDA:3,(anonymous_1)
FNDA:0,(anonymous_2)
DA:11,1
DA:13,4
DA:14,4
DA:16,4
DA:19,3
DA:22,0
LF:6
LH:5
BRF:0
BRH:0
end_of_record
TN:
SF:F:\Denise\curso full stack web\teste brq\test-calendar\src\app\shared\services\api-weather\api-weather.service.ts
FN:16,(anonymous_0)
FN:18,(anonymous_1)
FN:21,(anonymous_2)
FNF:3
FNH:2
FNDA:2,(anonymous_0)
FNDA:1,(anonymous_1)
FNDA:0,(anonymous_2)
DA:11,1
DA:13,2
DA:14,2
DA:16,2
DA:19,1
DA:22,0
LF:6
LH:5
BRF:0
BRH:0
end_of_record
TN:
SF:F:\Denise\curso full stack web\teste brq\test-calendar\src\app\shared\services\helper\helper.service.ts
FN:10,(anonymous_0)
FN:12,(anonymous_1)
FN:13,(anonymous_2)
FN:23,(anonymous_3)
FN:24,(anonymous_4)
FN:36,(anonymous_5)
FN:40,(anonymous_6)
FNF:7
FNH:6
FNDA:62,(anonymous_0)
FNDA:1,(anonymous_1)
FNDA:1,(anonymous_2)
FNDA:1,(anonymous_3)
FNDA:1,(anonymous_4)
FNDA:0,(anonymous_5)
FNDA:1120,(anonymous_6)
DA:8,1
DA:13,1
DA:14,1
DA:15,1
DA:16,1
DA:17,1
DA:19,1
DA:24,1
DA:25,1
DA:26,1
DA:27,1
DA:28,1
DA:29,1
DA:30,1
DA:32,1
DA:41,1120
DA:42,1120
LF:17
LH:17
BRF:0
BRH:0
end_of_record
TN:
SF:F:\Denise\curso full stack web\teste brq\test-calendar\src\app\shared\services\httpInterceptor\http.interceptor.ts
FN:19,(anonymous_0)
FN:23,(anonymous_1)
FN:27,(anonymous_2)
FN:34,(anonymous_3)
FN:36,(anonymous_4)
FN:41,(anonymous_5)
FNF:6
FNH:6
FNDA:7,(anonymous_0)
FNDA:1,(anonymous_1)
FNDA:3,(anonymous_2)
FNDA:5,(anonymous_3)
FNDA:3,(anonymous_4)
FNDA:1,(anonymous_5)
DA:16,1
DA:20,7
DA:24,1
DA:28,3
DA:33,1
DA:34,5
DA:35,5
DA:37,3
DA:38,3
DA:39,3
DA:40,3
DA:42,1
DA:43,1
DA:44,1
LF:14
LH:14
BRDA:43,0,0,1
BRDA:43,0,1,0
BRF:2
BRH:1
end_of_record
TN:
SF:F:\Denise\curso full stack web\teste brq\test-calendar\src\app\shared\store\store.actions.ts
FNF:0
FNH:0
DA:6,1
DA:8,1
LF:2
LH:2
BRF:0
BRH:0
end_of_record
TN:
SF:F:\Denise\curso full stack web\teste brq\test-calendar\src\app\shared\top-bar\top-bar.component.ts
FN:10,(anonymous_0)
FN:12,(anonymous_1)
FNF:2
FNH:2
FNDA:1,(anonymous_0)
FNDA:1,(anonymous_1)
DA:8,1
LF:1
LH:1
BRF:0
BRH:0
end_of_record
